2022-08-03 13:25:43,623 - root - INFO - visited: {(9, 2)}
2022-08-03 13:25:43,623 - root - INFO - queue: []
2022-08-03 13:25:43,623 - root - INFO - drawing path: [(9, 2)]
2022-08-03 13:25:43,625 - root - INFO - (8, 2), not yet in visited
2022-08-03 13:25:43,625 - root - INFO - path before: [(9, 2)]
2022-08-03 13:25:43,625 - root - INFO - que before: []
2022-08-03 13:25:43,625 - root - INFO - path after: [(9, 2), (8, 2)]
2022-08-03 13:25:43,625 - root - INFO - que after: [((8, 2), [(9, 2), (8, 2)])]
2022-08-03 13:25:43,625 - root - INFO - (9, 3), not yet in visited
2022-08-03 13:25:43,625 - root - INFO - path before: [(9, 2)]
2022-08-03 13:25:43,625 - root - INFO - que before: [((8, 2), [(9, 2), (8, 2)])]
2022-08-03 13:25:43,625 - root - INFO - path after: [(9, 2), (9, 3)]
2022-08-03 13:25:43,625 - root - INFO - que after: [((8, 2), [(9, 2), (8, 2)]), ((9, 3), [(9, 2), (9, 3)])]
2022-08-03 13:25:43,729 - root - INFO - visited: {(8, 2), (9, 2)}
2022-08-03 13:25:43,729 - root - INFO - queue: [((9, 3), [(9, 2), (9, 3)])]
2022-08-03 13:25:43,729 - root - INFO - drawing path: [(9, 2), (8, 2)]
2022-08-03 13:25:43,731 - root - INFO - (7, 2), not yet in visited
2022-08-03 13:25:43,732 - root - INFO - path before: [(9, 2), (8, 2)]
2022-08-03 13:25:43,732 - root - INFO - que before: [((9, 3), [(9, 2), (9, 3)])]
2022-08-03 13:25:43,732 - root - INFO - path after: [(9, 2), (8, 2), (7, 2)]
2022-08-03 13:25:43,732 - root - INFO - que after: [((9, 3), [(9, 2), (9, 3)]), ((7, 2), [(9, 2), (8, 2), (7, 2)])]
2022-08-03 13:25:43,836 - root - INFO - visited: {(8, 2), (9, 2), (9, 3)}
2022-08-03 13:25:43,836 - root - INFO - queue: [((7, 2), [(9, 2), (8, 2), (7, 2)])]
2022-08-03 13:25:43,836 - root - INFO - drawing path: [(9, 2), (9, 3)]
2022-08-03 13:25:43,837 - root - INFO - (9, 4), not yet in visited
2022-08-03 13:25:43,837 - root - INFO - path before: [(9, 2), (9, 3)]
2022-08-03 13:25:43,837 - root - INFO - que before: [((7, 2), [(9, 2), (8, 2), (7, 2)])]
2022-08-03 13:25:43,838 - root - INFO - path after: [(9, 2), (9, 3), (9, 4)]
2022-08-03 13:25:43,838 - root - INFO - que after: [((7, 2), [(9, 2), (8, 2), (7, 2)]), ((9, 4), [(9, 2), (9, 3), (9, 4)])]
2022-08-03 13:25:43,940 - root - INFO - visited: {(8, 2), (7, 2), (9, 2), (9, 3)}
2022-08-03 13:25:43,941 - root - INFO - queue: [((9, 4), [(9, 2), (9, 3), (9, 4)])]
2022-08-03 13:25:43,941 - root - INFO - drawing path: [(9, 2), (8, 2), (7, 2)]
2022-08-03 13:25:43,943 - root - INFO - (6, 2), not yet in visited
2022-08-03 13:25:43,943 - root - INFO - path before: [(9, 2), (8, 2), (7, 2)]
2022-08-03 13:25:43,943 - root - INFO - que before: [((9, 4), [(9, 2), (9, 3), (9, 4)])]
2022-08-03 13:25:43,943 - root - INFO - path after: [(9, 2), (8, 2), (7, 2), (6, 2)]
2022-08-03 13:25:43,943 - root - INFO - que after: [((9, 4), [(9, 2), (9, 3), (9, 4)]), ((6, 2), [(9, 2), (8, 2), (7, 2), (6, 2)])]
2022-08-03 13:25:43,944 - root - INFO - (7, 1), not yet in visited
2022-08-03 13:25:43,944 - root - INFO - path before: [(9, 2), (8, 2), (7, 2)]
2022-08-03 13:25:43,944 - root - INFO - que before: [((9, 4), [(9, 2), (9, 3), (9, 4)]), ((6, 2), [(9, 2), (8, 2), (7, 2), (6, 2)])]
2022-08-03 13:25:43,944 - root - INFO - path after: [(9, 2), (8, 2), (7, 2), (7, 1)]
2022-08-03 13:25:43,944 - root - INFO - que after: [((9, 4), [(9, 2), (9, 3), (9, 4)]), ((6, 2), [(9, 2), (8, 2), (7, 2), (6, 2)]), ((7, 1), [(9, 2), (8, 2), (7, 2), (7, 1)])]
2022-08-03 13:25:44,049 - root - INFO - visited: {(9, 3), (9, 2), (7, 2), (8, 2), (9, 4)}
2022-08-03 13:25:44,049 - root - INFO - queue: [((6, 2), [(9, 2), (8, 2), (7, 2), (6, 2)]), ((7, 1), [(9, 2), (8, 2), (7, 2), (7, 1)])]
2022-08-03 13:25:44,049 - root - INFO - drawing path: [(9, 2), (9, 3), (9, 4)]
2022-08-03 13:25:44,051 - root - INFO - (9, 5), not yet in visited
2022-08-03 13:25:44,051 - root - INFO - path before: [(9, 2), (9, 3), (9, 4)]
2022-08-03 13:25:44,052 - root - INFO - que before: [((6, 2), [(9, 2), (8, 2), (7, 2), (6, 2)]), ((7, 1), [(9, 2), (8, 2), (7, 2), (7, 1)])]
2022-08-03 13:25:44,052 - root - INFO - path after: [(9, 2), (9, 3), (9, 4), (9, 5)]
2022-08-03 13:25:44,052 - root - INFO - que after: [((6, 2), [(9, 2), (8, 2), (7, 2), (6, 2)]), ((7, 1), [(9, 2), (8, 2), (7, 2), (7, 1)]), ((9, 5), [(9, 2), (9, 3), (9, 4), (9, 5)])]
2022-08-03 13:25:44,157 - root - INFO - visited: {(6, 2), (9, 3), (9, 2), (7, 2), (8, 2), (9, 4)}
2022-08-03 13:25:44,157 - root - INFO - queue: [((7, 1), [(9, 2), (8, 2), (7, 2), (7, 1)]), ((9, 5), [(9, 2), (9, 3), (9, 4), (9, 5)])]
2022-08-03 13:25:44,157 - root - INFO - drawing path: [(9, 2), (8, 2), (7, 2), (6, 2)]
2022-08-03 13:25:44,159 - root - INFO - (5, 2), not yet in visited
2022-08-03 13:25:44,159 - root - INFO - path before: [(9, 2), (8, 2), (7, 2), (6, 2)]
2022-08-03 13:25:44,159 - root - INFO - que before: [((7, 1), [(9, 2), (8, 2), (7, 2), (7, 1)]), ((9, 5), [(9, 2), (9, 3), (9, 4), (9, 5)])]
2022-08-03 13:25:44,160 - root - INFO - path after: [(9, 2), (8, 2), (7, 2), (6, 2), (5, 2)]
2022-08-03 13:25:44,160 - root - INFO - que after: [((7, 1), [(9, 2), (8, 2), (7, 2), (7, 1)]), ((9, 5), [(9, 2), (9, 3), (9, 4), (9, 5)]), ((5, 2), [(9, 2), (8, 2), (7, 2), (6, 2), (5, 2)])]
2022-08-03 13:25:44,263 - root - INFO - visited: {(6, 2), (7, 1), (9, 3), (9, 2), (7, 2), (8, 2), (9, 4)}
2022-08-03 13:25:44,263 - root - INFO - queue: [((9, 5), [(9, 2), (9, 3), (9, 4), (9, 5)]), ((5, 2), [(9, 2), (8, 2), (7, 2), (6, 2), (5, 2)])]
2022-08-03 13:25:44,263 - root - INFO - drawing path: [(9, 2), (8, 2), (7, 2), (7, 1)]
2022-08-03 13:25:44,264 - root - INFO - (7, 0), not yet in visited
2022-08-03 13:25:44,264 - root - INFO - path before: [(9, 2), (8, 2), (7, 2), (7, 1)]
2022-08-03 13:25:44,264 - root - INFO - que before: [((9, 5), [(9, 2), (9, 3), (9, 4), (9, 5)]), ((5, 2), [(9, 2), (8, 2), (7, 2), (6, 2), (5, 2)])]
2022-08-03 13:25:44,264 - root - INFO - path after: [(9, 2), (8, 2), (7, 2), (7, 1), (7, 0)]
2022-08-03 13:25:44,264 - root - INFO - que after: [((9, 5), [(9, 2), (9, 3), (9, 4), (9, 5)]), ((5, 2), [(9, 2), (8, 2), (7, 2), (6, 2), (5, 2)]), ((7, 0), [(9, 2), (8, 2), (7, 2), (7, 1), (7, 0)])]
2022-08-03 13:25:44,365 - root - INFO - visited: {(6, 2), (7, 1), (9, 3), (9, 2), (9, 5), (7, 2), (8, 2), (9, 4)}
2022-08-03 13:25:44,366 - root - INFO - queue: [((5, 2), [(9, 2), (8, 2), (7, 2), (6, 2), (5, 2)]), ((7, 0), [(9, 2), (8, 2), (7, 2), (7, 1), (7, 0)])]
2022-08-03 13:25:44,366 - root - INFO - drawing path: [(9, 2), (9, 3), (9, 4), (9, 5)]
2022-08-03 13:25:44,368 - root - INFO - (9, 6), not yet in visited
2022-08-03 13:25:44,368 - root - INFO - path before: [(9, 2), (9, 3), (9, 4), (9, 5)]
2022-08-03 13:25:44,368 - root - INFO - que before: [((5, 2), [(9, 2), (8, 2), (7, 2), (6, 2), (5, 2)]), ((7, 0), [(9, 2), (8, 2), (7, 2), (7, 1), (7, 0)])]
2022-08-03 13:25:44,368 - root - INFO - path after: [(9, 2), (9, 3), (9, 4), (9, 5), (9, 6)]
2022-08-03 13:25:44,368 - root - INFO - que after: [((5, 2), [(9, 2), (8, 2), (7, 2), (6, 2), (5, 2)]), ((7, 0), [(9, 2), (8, 2), (7, 2), (7, 1), (7, 0)]), ((9, 6), [(9, 2), (9, 3), (9, 4), (9, 5), (9, 6)])]
2022-08-03 13:25:44,473 - root - INFO - visited: {(6, 2), (7, 1), (9, 3), (9, 2), (9, 5), (5, 2), (7, 2), (8, 2), (9, 4)}
2022-08-03 13:25:44,473 - root - INFO - queue: [((7, 0), [(9, 2), (8, 2), (7, 2), (7, 1), (7, 0)]), ((9, 6), [(9, 2), (9, 3), (9, 4), (9, 5), (9, 6)])]
2022-08-03 13:25:44,474 - root - INFO - drawing path: [(9, 2), (8, 2), (7, 2), (6, 2), (5, 2)]
2022-08-03 13:25:44,474 - root - INFO - (4, 2), not yet in visited
2022-08-03 13:25:44,474 - root - INFO - path before: [(9, 2), (8, 2), (7, 2), (6, 2), (5, 2)]
2022-08-03 13:25:44,474 - root - INFO - que before: [((7, 0), [(9, 2), (8, 2), (7, 2), (7, 1), (7, 0)]), ((9, 6), [(9, 2), (9, 3), (9, 4), (9, 5), (9, 6)])]
2022-08-03 13:25:44,475 - root - INFO - path after: [(9, 2), (8, 2), (7, 2), (6, 2), (5, 2), (4, 2)]
2022-08-03 13:25:44,475 - root - INFO - que after: [((7, 0), [(9, 2), (8, 2), (7, 2), (7, 1), (7, 0)]), ((9, 6), [(9, 2), (9, 3), (9, 4), (9, 5), (9, 6)]), ((4, 2), [(9, 2), (8, 2), (7, 2), (6, 2), (5, 2), (4, 2)])]
2022-08-03 13:25:44,576 - root - INFO - visited: {(6, 2), (7, 1), (9, 3), (7, 0), (9, 2), (9, 5), (5, 2), (7, 2), (8, 2), (9, 4)}
2022-08-03 13:25:44,576 - root - INFO - queue: [((9, 6), [(9, 2), (9, 3), (9, 4), (9, 5), (9, 6)]), ((4, 2), [(9, 2), (8, 2), (7, 2), (6, 2), (5, 2), (4, 2)])]
2022-08-03 13:25:44,576 - root - INFO - drawing path: [(9, 2), (8, 2), (7, 2), (7, 1), (7, 0)]
2022-08-03 13:25:44,678 - root - INFO - visited: {(6, 2), (7, 1), (9, 3), (9, 6), (7, 0), (9, 2), (9, 5), (5, 2), (7, 2), (8, 2), (9, 4)}
2022-08-03 13:25:44,679 - root - INFO - queue: [((4, 2), [(9, 2), (8, 2), (7, 2), (6, 2), (5, 2), (4, 2)])]
2022-08-03 13:25:44,679 - root - INFO - drawing path: [(9, 2), (9, 3), (9, 4), (9, 5), (9, 6)]
2022-08-03 13:25:44,681 - root - INFO - (9, 7), not yet in visited
2022-08-03 13:25:44,681 - root - INFO - path before: [(9, 2), (9, 3), (9, 4), (9, 5), (9, 6)]
2022-08-03 13:25:44,681 - root - INFO - que before: [((4, 2), [(9, 2), (8, 2), (7, 2), (6, 2), (5, 2), (4, 2)])]
2022-08-03 13:25:44,681 - root - INFO - path after: [(9, 2), (9, 3), (9, 4), (9, 5), (9, 6), (9, 7)]
2022-08-03 13:25:44,681 - root - INFO - que after: [((4, 2), [(9, 2), (8, 2), (7, 2), (6, 2), (5, 2), (4, 2)]), ((9, 7), [(9, 2), (9, 3), (9, 4), (9, 5), (9, 6), (9, 7)])]
2022-08-03 13:25:44,785 - root - INFO - visited: {(6, 2), (7, 1), (9, 3), (9, 6), (7, 0), (9, 2), (4, 2), (9, 5), (5, 2), (7, 2), (8, 2), (9, 4)}
2022-08-03 13:25:44,785 - root - INFO - queue: [((9, 7), [(9, 2), (9, 3), (9, 4), (9, 5), (9, 6), (9, 7)])]
2022-08-03 13:25:44,785 - root - INFO - drawing path: [(9, 2), (8, 2), (7, 2), (6, 2), (5, 2), (4, 2)]
2022-08-03 13:25:44,786 - root - INFO - (3, 2), not yet in visited
2022-08-03 13:25:44,786 - root - INFO - path before: [(9, 2), (8, 2), (7, 2), (6, 2), (5, 2), (4, 2)]
2022-08-03 13:25:44,786 - root - INFO - que before: [((9, 7), [(9, 2), (9, 3), (9, 4), (9, 5), (9, 6), (9, 7)])]
2022-08-03 13:25:44,786 - root - INFO - path after: [(9, 2), (8, 2), (7, 2), (6, 2), (5, 2), (4, 2), (3, 2)]
2022-08-03 13:25:44,786 - root - INFO - que after: [((9, 7), [(9, 2), (9, 3), (9, 4), (9, 5), (9, 6), (9, 7)]), ((3, 2), [(9, 2), (8, 2), (7, 2), (6, 2), (5, 2), (4, 2), (3, 2)])]
2022-08-03 13:25:44,889 - root - INFO - visited: {(6, 2), (7, 1), (9, 3), (9, 6), (7, 0), (9, 2), (4, 2), (9, 5), (5, 2), (7, 2), (8, 2), (9, 7), (9, 4)}
2022-08-03 13:25:44,889 - root - INFO - queue: [((3, 2), [(9, 2), (8, 2), (7, 2), (6, 2), (5, 2), (4, 2), (3, 2)])]
2022-08-03 13:25:44,889 - root - INFO - drawing path: [(9, 2), (9, 3), (9, 4), (9, 5), (9, 6), (9, 7)]
2022-08-03 13:25:44,890 - root - INFO - (8, 7), not yet in visited
2022-08-03 13:25:44,890 - root - INFO - path before: [(9, 2), (9, 3), (9, 4), (9, 5), (9, 6), (9, 7)]
2022-08-03 13:25:44,890 - root - INFO - que before: [((3, 2), [(9, 2), (8, 2), (7, 2), (6, 2), (5, 2), (4, 2), (3, 2)])]
2022-08-03 13:25:44,890 - root - INFO - path after: [(9, 2), (9, 3), (9, 4), (9, 5), (9, 6), (9, 7), (8, 7)]
2022-08-03 13:25:44,890 - root - INFO - que after: [((3, 2), [(9, 2), (8, 2), (7, 2), (6, 2), (5, 2), (4, 2), (3, 2)]), ((8, 7), [(9, 2), (9, 3), (9, 4), (9, 5), (9, 6), (9, 7), (8, 7)])]
2022-08-03 13:25:44,991 - root - INFO - visited: {(6, 2), (7, 1), (9, 3), (9, 6), (7, 0), (9, 2), (4, 2), (9, 5), (5, 2), (7, 2), (8, 2), (3, 2), (9, 7), (9, 4)}
2022-08-03 13:25:44,991 - root - INFO - queue: [((8, 7), [(9, 2), (9, 3), (9, 4), (9, 5), (9, 6), (9, 7), (8, 7)])]
2022-08-03 13:25:44,991 - root - INFO - drawing path: [(9, 2), (8, 2), (7, 2), (6, 2), (5, 2), (4, 2), (3, 2)]
2022-08-03 13:25:44,992 - root - INFO - (2, 2), not yet in visited
2022-08-03 13:25:44,992 - root - INFO - path before: [(9, 2), (8, 2), (7, 2), (6, 2), (5, 2), (4, 2), (3, 2)]
2022-08-03 13:25:44,992 - root - INFO - que before: [((8, 7), [(9, 2), (9, 3), (9, 4), (9, 5), (9, 6), (9, 7), (8, 7)])]
2022-08-03 13:25:44,992 - root - INFO - path after: [(9, 2), (8, 2), (7, 2), (6, 2), (5, 2), (4, 2), (3, 2), (2, 2)]
2022-08-03 13:25:44,992 - root - INFO - que after: [((8, 7), [(9, 2), (9, 3), (9, 4), (9, 5), (9, 6), (9, 7), (8, 7)]), ((2, 2), [(9, 2), (8, 2), (7, 2), (6, 2), (5, 2), (4, 2), (3, 2), (2, 2)])]
2022-08-03 13:25:45,094 - root - INFO - visited: {(6, 2), (7, 1), (9, 3), (8, 7), (9, 6), (7, 0), (9, 2), (4, 2), (9, 5), (5, 2), (7, 2), (8, 2), (3, 2), (9, 7), (9, 4)}
2022-08-03 13:25:45,094 - root - INFO - queue: [((2, 2), [(9, 2), (8, 2), (7, 2), (6, 2), (5, 2), (4, 2), (3, 2), (2, 2)])]
2022-08-03 13:25:45,094 - root - INFO - drawing path: [(9, 2), (9, 3), (9, 4), (9, 5), (9, 6), (9, 7), (8, 7)]
2022-08-03 13:25:45,197 - root - INFO - visited: {(6, 2), (7, 1), (9, 3), (8, 7), (9, 6), (7, 0), (9, 2), (4, 2), (9, 5), (5, 2), (7, 2), (2, 2), (8, 2), (3, 2), (9, 7), (9, 4)}
2022-08-03 13:25:45,198 - root - INFO - queue: []
2022-08-03 13:25:45,198 - root - INFO - drawing path: [(9, 2), (8, 2), (7, 2), (6, 2), (5, 2), (4, 2), (3, 2), (2, 2)]
2022-08-03 13:25:45,200 - root - INFO - (1, 2), not yet in visited
2022-08-03 13:25:45,200 - root - INFO - path before: [(9, 2), (8, 2), (7, 2), (6, 2), (5, 2), (4, 2), (3, 2), (2, 2)]
2022-08-03 13:25:45,200 - root - INFO - que before: []
2022-08-03 13:25:45,200 - root - INFO - path after: [(9, 2), (8, 2), (7, 2), (6, 2), (5, 2), (4, 2), (3, 2), (2, 2), (1, 2)]
2022-08-03 13:25:45,201 - root - INFO - que after: [((1, 2), [(9, 2), (8, 2), (7, 2), (6, 2), (5, 2), (4, 2), (3, 2), (2, 2), (1, 2)])]
2022-08-03 13:25:45,304 - root - INFO - visited: {(6, 2), (1, 2), (7, 1), (9, 3), (8, 7), (9, 6), (7, 0), (9, 2), (4, 2), (9, 5), (5, 2), (7, 2), (2, 2), (8, 2), (3, 2), (9, 7), (9, 4)}
2022-08-03 13:25:45,304 - root - INFO - queue: []
2022-08-03 13:25:45,304 - root - INFO - drawing path: [(9, 2), (8, 2), (7, 2), (6, 2), (5, 2), (4, 2), (3, 2), (2, 2), (1, 2)]
2022-08-03 13:25:45,306 - root - INFO - (1, 3), not yet in visited
2022-08-03 13:25:45,307 - root - INFO - path before: [(9, 2), (8, 2), (7, 2), (6, 2), (5, 2), (4, 2), (3, 2), (2, 2), (1, 2)]
2022-08-03 13:25:45,307 - root - INFO - que before: []
2022-08-03 13:25:45,307 - root - INFO - path after: [(9, 2), (8, 2), (7, 2), (6, 2), (5, 2), (4, 2), (3, 2), (2, 2), (1, 2), (1, 3)]
2022-08-03 13:25:45,307 - root - INFO - que after: [((1, 3), [(9, 2), (8, 2), (7, 2), (6, 2), (5, 2), (4, 2), (3, 2), (2, 2), (1, 2), (1, 3)])]
2022-08-03 13:25:45,409 - root - INFO - visited: {(1, 3), (6, 2), (1, 2), (7, 1), (9, 3), (8, 7), (9, 6), (7, 0), (9, 2), (4, 2), (9, 5), (5, 2), (7, 2), (2, 2), (8, 2), (3, 2), (9, 7), (9, 4)}
2022-08-03 13:25:45,409 - root - INFO - queue: []
2022-08-03 13:25:45,409 - root - INFO - drawing path: [(9, 2), (8, 2), (7, 2), (6, 2), (5, 2), (4, 2), (3, 2), (2, 2), (1, 2), (1, 3)]
2022-08-03 13:25:45,411 - root - INFO - (1, 4), not yet in visited
2022-08-03 13:25:45,411 - root - INFO - path before: [(9, 2), (8, 2), (7, 2), (6, 2), (5, 2), (4, 2), (3, 2), (2, 2), (1, 2), (1, 3)]
2022-08-03 13:25:45,411 - root - INFO - que before: []
2022-08-03 13:25:45,411 - root - INFO - path after: [(9, 2), (8, 2), (7, 2), (6, 2), (5, 2), (4, 2), (3, 2), (2, 2), (1, 2), (1, 3), (1, 4)]
2022-08-03 13:25:45,411 - root - INFO - que after: [((1, 4), [(9, 2), (8, 2), (7, 2), (6, 2), (5, 2), (4, 2), (3, 2), (2, 2), (1, 2), (1, 3), (1, 4)])]
2022-08-03 13:25:45,515 - root - INFO - visited: {(9, 2), (9, 5), (2, 2), (1, 3), (6, 2), (7, 1), (4, 2), (8, 2), (9, 7), (9, 4), (1, 2), (7, 0), (3, 2), (5, 2), (9, 3), (8, 7), (9, 6), (1, 4), (7, 2)}
2022-08-03 13:25:45,515 - root - INFO - queue: []
2022-08-03 13:25:45,515 - root - INFO - drawing path: [(9, 2), (8, 2), (7, 2), (6, 2), (5, 2), (4, 2), (3, 2), (2, 2), (1, 2), (1, 3), (1, 4)]
2022-08-03 13:25:45,517 - root - INFO - (2, 4), not yet in visited
2022-08-03 13:25:45,517 - root - INFO - path before: [(9, 2), (8, 2), (7, 2), (6, 2), (5, 2), (4, 2), (3, 2), (2, 2), (1, 2), (1, 3), (1, 4)]
2022-08-03 13:25:45,517 - root - INFO - que before: []
2022-08-03 13:25:45,518 - root - INFO - path after: [(9, 2), (8, 2), (7, 2), (6, 2), (5, 2), (4, 2), (3, 2), (2, 2), (1, 2), (1, 3), (1, 4), (2, 4)]
2022-08-03 13:25:45,518 - root - INFO - que after: [((2, 4), [(9, 2), (8, 2), (7, 2), (6, 2), (5, 2), (4, 2), (3, 2), (2, 2), (1, 2), (1, 3), (1, 4), (2, 4)])]
2022-08-03 13:25:45,618 - root - INFO - visited: {(9, 2), (9, 5), (2, 2), (1, 3), (6, 2), (7, 1), (4, 2), (8, 2), (9, 7), (9, 4), (2, 4), (1, 2), (7, 0), (3, 2), (5, 2), (9, 3), (8, 7), (9, 6), (1, 4), (7, 2)}
2022-08-03 13:25:45,619 - root - INFO - queue: []
2022-08-03 13:25:45,619 - root - INFO - drawing path: [(9, 2), (8, 2), (7, 2), (6, 2), (5, 2), (4, 2), (3, 2), (2, 2), (1, 2), (1, 3), (1, 4), (2, 4)]
2022-08-03 13:25:45,622 - root - INFO - (3, 4), not yet in visited
2022-08-03 13:25:45,622 - root - INFO - path before: [(9, 2), (8, 2), (7, 2), (6, 2), (5, 2), (4, 2), (3, 2), (2, 2), (1, 2), (1, 3), (1, 4), (2, 4)]
2022-08-03 13:25:45,622 - root - INFO - que before: []
2022-08-03 13:25:45,622 - root - INFO - path after: [(9, 2), (8, 2), (7, 2), (6, 2), (5, 2), (4, 2), (3, 2), (2, 2), (1, 2), (1, 3), (1, 4), (2, 4), (3, 4)]
2022-08-03 13:25:45,622 - root - INFO - que after: [((3, 4), [(9, 2), (8, 2), (7, 2), (6, 2), (5, 2), (4, 2), (3, 2), (2, 2), (1, 2), (1, 3), (1, 4), (2, 4), (3, 4)])]
2022-08-03 13:25:45,724 - root - INFO - visited: {(3, 4), (9, 2), (9, 5), (2, 2), (1, 3), (6, 2), (7, 1), (4, 2), (8, 2), (9, 7), (9, 4), (2, 4), (1, 2), (7, 0), (3, 2), (5, 2), (9, 3), (8, 7), (9, 6), (1, 4), (7, 2)}
2022-08-03 13:25:45,725 - root - INFO - queue: []
2022-08-03 13:25:45,725 - root - INFO - drawing path: [(9, 2), (8, 2), (7, 2), (6, 2), (5, 2), (4, 2), (3, 2), (2, 2), (1, 2), (1, 3), (1, 4), (2, 4), (3, 4)]
2022-08-03 13:25:45,728 - root - INFO - (4, 4), not yet in visited
2022-08-03 13:25:45,728 - root - INFO - path before: [(9, 2), (8, 2), (7, 2), (6, 2), (5, 2), (4, 2), (3, 2), (2, 2), (1, 2), (1, 3), (1, 4), (2, 4), (3, 4)]
2022-08-03 13:25:45,728 - root - INFO - que before: []
2022-08-03 13:25:45,728 - root - INFO - path after: [(9, 2), (8, 2), (7, 2), (6, 2), (5, 2), (4, 2), (3, 2), (2, 2), (1, 2), (1, 3), (1, 4), (2, 4), (3, 4), (4, 4)]
2022-08-03 13:25:45,728 - root - INFO - que after: [((4, 4), [(9, 2), (8, 2), (7, 2), (6, 2), (5, 2), (4, 2), (3, 2), (2, 2), (1, 2), (1, 3), (1, 4), (2, 4), (3, 4), (4, 4)])]
2022-08-03 13:25:45,833 - root - INFO - visited: {(3, 4), (9, 2), (9, 5), (2, 2), (1, 3), (6, 2), (7, 1), (4, 2), (8, 2), (9, 7), (9, 4), (2, 4), (1, 2), (7, 0), (3, 2), (5, 2), (4, 4), (9, 3), (8, 7), (9, 6), (1, 4), (7, 2)}
2022-08-03 13:25:45,833 - root - INFO - queue: []
2022-08-03 13:25:45,833 - root - INFO - drawing path: [(9, 2), (8, 2), (7, 2), (6, 2), (5, 2), (4, 2), (3, 2), (2, 2), (1, 2), (1, 3), (1, 4), (2, 4), (3, 4), (4, 4)]
2022-08-03 13:25:45,835 - root - INFO - (5, 4), not yet in visited
2022-08-03 13:25:45,835 - root - INFO - path before: [(9, 2), (8, 2), (7, 2), (6, 2), (5, 2), (4, 2), (3, 2), (2, 2), (1, 2), (1, 3), (1, 4), (2, 4), (3, 4), (4, 4)]
2022-08-03 13:25:45,836 - root - INFO - que before: []
2022-08-03 13:25:45,836 - root - INFO - path after: [(9, 2), (8, 2), (7, 2), (6, 2), (5, 2), (4, 2), (3, 2), (2, 2), (1, 2), (1, 3), (1, 4), (2, 4), (3, 4), (4, 4), (5, 4)]
2022-08-03 13:25:45,836 - root - INFO - que after: [((5, 4), [(9, 2), (8, 2), (7, 2), (6, 2), (5, 2), (4, 2), (3, 2), (2, 2), (1, 2), (1, 3), (1, 4), (2, 4), (3, 4), (4, 4), (5, 4)])]
2022-08-03 13:25:45,941 - root - INFO - visited: {(3, 4), (5, 4), (9, 2), (9, 5), (2, 2), (1, 3), (6, 2), (7, 1), (4, 2), (8, 2), (9, 7), (9, 4), (2, 4), (1, 2), (7, 0), (3, 2), (5, 2), (4, 4), (9, 3), (8, 7), (9, 6), (1, 4), (7, 2)}
2022-08-03 13:25:45,941 - root - INFO - queue: []
2022-08-03 13:25:45,941 - root - INFO - drawing path: [(9, 2), (8, 2), (7, 2), (6, 2), (5, 2), (4, 2), (3, 2), (2, 2), (1, 2), (1, 3), (1, 4), (2, 4), (3, 4), (4, 4), (5, 4)]
2022-08-03 13:25:45,944 - root - INFO - (5, 5), not yet in visited
2022-08-03 13:25:45,945 - root - INFO - path before: [(9, 2), (8, 2), (7, 2), (6, 2), (5, 2), (4, 2), (3, 2), (2, 2), (1, 2), (1, 3), (1, 4), (2, 4), (3, 4), (4, 4), (5, 4)]
2022-08-03 13:25:45,945 - root - INFO - que before: []
2022-08-03 13:25:45,945 - root - INFO - path after: [(9, 2), (8, 2), (7, 2), (6, 2), (5, 2), (4, 2), (3, 2), (2, 2), (1, 2), (1, 3), (1, 4), (2, 4), (3, 4), (4, 4), (5, 4), (5, 5)]
2022-08-03 13:25:45,945 - root - INFO - que after: [((5, 5), [(9, 2), (8, 2), (7, 2), (6, 2), (5, 2), (4, 2), (3, 2), (2, 2), (1, 2), (1, 3), (1, 4), (2, 4), (3, 4), (4, 4), (5, 4), (5, 5)])]
2022-08-03 13:25:46,047 - root - INFO - visited: {(3, 4), (5, 4), (9, 2), (9, 5), (2, 2), (1, 3), (6, 2), (7, 1), (4, 2), (8, 2), (9, 7), (9, 4), (2, 4), (1, 2), (7, 0), (3, 2), (5, 2), (4, 4), (5, 5), (9, 3), (8, 7), (9, 6), (1, 4), (7, 2)}
2022-08-03 13:25:46,048 - root - INFO - queue: []
2022-08-03 13:25:46,048 - root - INFO - drawing path: [(9, 2), (8, 2), (7, 2), (6, 2), (5, 2), (4, 2), (3, 2), (2, 2), (1, 2), (1, 3), (1, 4), (2, 4), (3, 4), (4, 4), (5, 4), (5, 5)]
2022-08-03 13:25:46,050 - root - INFO - (5, 6), not yet in visited
2022-08-03 13:25:46,051 - root - INFO - path before: [(9, 2), (8, 2), (7, 2), (6, 2), (5, 2), (4, 2), (3, 2), (2, 2), (1, 2), (1, 3), (1, 4), (2, 4), (3, 4), (4, 4), (5, 4), (5, 5)]
2022-08-03 13:25:46,051 - root - INFO - que before: []
2022-08-03 13:25:46,051 - root - INFO - path after: [(9, 2), (8, 2), (7, 2), (6, 2), (5, 2), (4, 2), (3, 2), (2, 2), (1, 2), (1, 3), (1, 4), (2, 4), (3, 4), (4, 4), (5, 4), (5, 5), (5, 6)]
2022-08-03 13:25:46,051 - root - INFO - que after: [((5, 6), [(9, 2), (8, 2), (7, 2), (6, 2), (5, 2), (4, 2), (3, 2), (2, 2), (1, 2), (1, 3), (1, 4), (2, 4), (3, 4), (4, 4), (5, 4), (5, 5), (5, 6)])]
2022-08-03 13:25:46,155 - root - INFO - visited: {(3, 4), (5, 4), (9, 2), (9, 5), (2, 2), (1, 3), (6, 2), (7, 1), (4, 2), (5, 6), (8, 2), (9, 7), (9, 4), (2, 4), (1, 2), (7, 0), (3, 2), (5, 2), (4, 4), (5, 5), (9, 3), (8, 7), (9, 6), (1, 4), (7, 2)}
2022-08-03 13:25:46,156 - root - INFO - queue: []
2022-08-03 13:25:46,156 - root - INFO - drawing path: [(9, 2), (8, 2), (7, 2), (6, 2), (5, 2), (4, 2), (3, 2), (2, 2), (1, 2), (1, 3), (1, 4), (2, 4), (3, 4), (4, 4), (5, 4), (5, 5), (5, 6)]
2022-08-03 13:25:46,159 - root - INFO - (5, 7), not yet in visited
2022-08-03 13:25:46,159 - root - INFO - path before: [(9, 2), (8, 2), (7, 2), (6, 2), (5, 2), (4, 2), (3, 2), (2, 2), (1, 2), (1, 3), (1, 4), (2, 4), (3, 4), (4, 4), (5, 4), (5, 5), (5, 6)]
2022-08-03 13:25:46,159 - root - INFO - que before: []
2022-08-03 13:25:46,160 - root - INFO - path after: [(9, 2), (8, 2), (7, 2), (6, 2), (5, 2), (4, 2), (3, 2), (2, 2), (1, 2), (1, 3), (1, 4), (2, 4), (3, 4), (4, 4), (5, 4), (5, 5), (5, 6), (5, 7)]
2022-08-03 13:25:46,160 - root - INFO - que after: [((5, 7), [(9, 2), (8, 2), (7, 2), (6, 2), (5, 2), (4, 2), (3, 2), (2, 2), (1, 2), (1, 3), (1, 4), (2, 4), (3, 4), (4, 4), (5, 4), (5, 5), (5, 6), (5, 7)])]
2022-08-03 13:25:46,264 - root - INFO - visited: {(3, 4), (5, 4), (9, 2), (5, 7), (9, 5), (2, 2), (1, 3), (6, 2), (7, 1), (4, 2), (5, 6), (8, 2), (9, 7), (9, 4), (2, 4), (1, 2), (7, 0), (3, 2), (5, 2), (4, 4), (5, 5), (9, 3), (8, 7), (9, 6), (1, 4), (7, 2)}
2022-08-03 13:25:46,264 - root - INFO - queue: []
2022-08-03 13:25:46,264 - root - INFO - drawing path: [(9, 2), (8, 2), (7, 2), (6, 2), (5, 2), (4, 2), (3, 2), (2, 2), (1, 2), (1, 3), (1, 4), (2, 4), (3, 4), (4, 4), (5, 4), (5, 5), (5, 6), (5, 7)]
2022-08-03 13:25:46,267 - root - INFO - (4, 7), not yet in visited
2022-08-03 13:25:46,267 - root - INFO - path before: [(9, 2), (8, 2), (7, 2), (6, 2), (5, 2), (4, 2), (3, 2), (2, 2), (1, 2), (1, 3), (1, 4), (2, 4), (3, 4), (4, 4), (5, 4), (5, 5), (5, 6), (5, 7)]
2022-08-03 13:25:46,267 - root - INFO - que before: []
2022-08-03 13:25:46,267 - root - INFO - path after: [(9, 2), (8, 2), (7, 2), (6, 2), (5, 2), (4, 2), (3, 2), (2, 2), (1, 2), (1, 3), (1, 4), (2, 4), (3, 4), (4, 4), (5, 4), (5, 5), (5, 6), (5, 7), (4, 7)]
2022-08-03 13:25:46,267 - root - INFO - que after: [((4, 7), [(9, 2), (8, 2), (7, 2), (6, 2), (5, 2), (4, 2), (3, 2), (2, 2), (1, 2), (1, 3), (1, 4), (2, 4), (3, 4), (4, 4), (5, 4), (5, 5), (5, 6), (5, 7), (4, 7)])]
2022-08-03 13:25:46,371 - root - INFO - visited: {(3, 4), (5, 4), (9, 2), (5, 7), (9, 5), (2, 2), (1, 3), (6, 2), (7, 1), (4, 2), (5, 6), (8, 2), (9, 7), (9, 4), (2, 4), (1, 2), (7, 0), (3, 2), (4, 7), (5, 2), (4, 4), (5, 5), (9, 3), (8, 7), (9, 6), (1, 4), (7, 2)}
2022-08-03 13:25:46,371 - root - INFO - queue: []
2022-08-03 13:25:46,372 - root - INFO - drawing path: [(9, 2), (8, 2), (7, 2), (6, 2), (5, 2), (4, 2), (3, 2), (2, 2), (1, 2), (1, 3), (1, 4), (2, 4), (3, 4), (4, 4), (5, 4), (5, 5), (5, 6), (5, 7), (4, 7)]
2022-08-03 13:25:46,375 - root - INFO - (3, 7), not yet in visited
2022-08-03 13:25:46,375 - root - INFO - path before: [(9, 2), (8, 2), (7, 2), (6, 2), (5, 2), (4, 2), (3, 2), (2, 2), (1, 2), (1, 3), (1, 4), (2, 4), (3, 4), (4, 4), (5, 4), (5, 5), (5, 6), (5, 7), (4, 7)]
2022-08-03 13:25:46,375 - root - INFO - que before: []
2022-08-03 13:25:46,375 - root - INFO - path after: [(9, 2), (8, 2), (7, 2), (6, 2), (5, 2), (4, 2), (3, 2), (2, 2), (1, 2), (1, 3), (1, 4), (2, 4), (3, 4), (4, 4), (5, 4), (5, 5), (5, 6), (5, 7), (4, 7), (3, 7)]
2022-08-03 13:25:46,375 - root - INFO - que after: [((3, 7), [(9, 2), (8, 2), (7, 2), (6, 2), (5, 2), (4, 2), (3, 2), (2, 2), (1, 2), (1, 3), (1, 4), (2, 4), (3, 4), (4, 4), (5, 4), (5, 5), (5, 6), (5, 7), (4, 7), (3, 7)])]
2022-08-03 13:25:46,477 - root - INFO - visited: {(3, 4), (3, 7), (5, 4), (9, 2), (5, 7), (9, 5), (2, 2), (1, 3), (6, 2), (7, 1), (4, 2), (5, 6), (8, 2), (9, 7), (9, 4), (2, 4), (1, 2), (7, 0), (3, 2), (4, 7), (5, 2), (4, 4), (5, 5), (9, 3), (8, 7), (9, 6), (1, 4), (7, 2)}
2022-08-03 13:25:46,477 - root - INFO - queue: []
2022-08-03 13:25:46,477 - root - INFO - drawing path: [(9, 2), (8, 2), (7, 2), (6, 2), (5, 2), (4, 2), (3, 2), (2, 2), (1, 2), (1, 3), (1, 4), (2, 4), (3, 4), (4, 4), (5, 4), (5, 5), (5, 6), (5, 7), (4, 7), (3, 7)]
2022-08-03 13:25:46,480 - root - INFO - (2, 7), not yet in visited
2022-08-03 13:25:46,480 - root - INFO - path before: [(9, 2), (8, 2), (7, 2), (6, 2), (5, 2), (4, 2), (3, 2), (2, 2), (1, 2), (1, 3), (1, 4), (2, 4), (3, 4), (4, 4), (5, 4), (5, 5), (5, 6), (5, 7), (4, 7), (3, 7)]
2022-08-03 13:25:46,480 - root - INFO - que before: []
2022-08-03 13:25:46,480 - root - INFO - path after: [(9, 2), (8, 2), (7, 2), (6, 2), (5, 2), (4, 2), (3, 2), (2, 2), (1, 2), (1, 3), (1, 4), (2, 4), (3, 4), (4, 4), (5, 4), (5, 5), (5, 6), (5, 7), (4, 7), (3, 7), (2, 7)]
2022-08-03 13:25:46,481 - root - INFO - que after: [((2, 7), [(9, 2), (8, 2), (7, 2), (6, 2), (5, 2), (4, 2), (3, 2), (2, 2), (1, 2), (1, 3), (1, 4), (2, 4), (3, 4), (4, 4), (5, 4), (5, 5), (5, 6), (5, 7), (4, 7), (3, 7), (2, 7)])]
2022-08-03 13:25:46,585 - root - INFO - visited: {(3, 4), (3, 7), (5, 4), (9, 2), (5, 7), (9, 5), (2, 2), (1, 3), (6, 2), (7, 1), (4, 2), (5, 6), (8, 2), (9, 7), (9, 4), (2, 4), (1, 2), (2, 7), (7, 0), (3, 2), (4, 7), (5, 2), (4, 4), (5, 5), (9, 3), (8, 7), (9, 6), (1, 4), (7, 2)}
2022-08-03 13:25:46,585 - root - INFO - queue: []
2022-08-03 13:25:46,586 - root - INFO - drawing path: [(9, 2), (8, 2), (7, 2), (6, 2), (5, 2), (4, 2), (3, 2), (2, 2), (1, 2), (1, 3), (1, 4), (2, 4), (3, 4), (4, 4), (5, 4), (5, 5), (5, 6), (5, 7), (4, 7), (3, 7), (2, 7)]
2022-08-03 13:25:46,588 - root - INFO - (1, 7), not yet in visited
2022-08-03 13:25:46,588 - root - INFO - path before: [(9, 2), (8, 2), (7, 2), (6, 2), (5, 2), (4, 2), (3, 2), (2, 2), (1, 2), (1, 3), (1, 4), (2, 4), (3, 4), (4, 4), (5, 4), (5, 5), (5, 6), (5, 7), (4, 7), (3, 7), (2, 7)]
2022-08-03 13:25:46,588 - root - INFO - que before: []
2022-08-03 13:25:46,588 - root - INFO - path after: [(9, 2), (8, 2), (7, 2), (6, 2), (5, 2), (4, 2), (3, 2), (2, 2), (1, 2), (1, 3), (1, 4), (2, 4), (3, 4), (4, 4), (5, 4), (5, 5), (5, 6), (5, 7), (4, 7), (3, 7), (2, 7), (1, 7)]
2022-08-03 13:25:46,588 - root - INFO - que after: [((1, 7), [(9, 2), (8, 2), (7, 2), (6, 2), (5, 2), (4, 2), (3, 2), (2, 2), (1, 2), (1, 3), (1, 4), (2, 4), (3, 4), (4, 4), (5, 4), (5, 5), (5, 6), (5, 7), (4, 7), (3, 7), (2, 7), (1, 7)])]
2022-08-03 13:25:46,689 - root - INFO - visited: {(3, 4), (3, 7), (5, 4), (9, 2), (5, 7), (9, 5), (2, 2), (1, 3), (6, 2), (7, 1), (4, 2), (5, 6), (8, 2), (9, 7), (9, 4), (2, 4), (1, 2), (2, 7), (7, 0), (3, 2), (4, 7), (5, 2), (4, 4), (5, 5), (9, 3), (8, 7), (9, 6), (1, 4), (1, 7), (7, 2)}
2022-08-03 13:25:46,689 - root - INFO - queue: []
2022-08-03 13:25:46,690 - root - INFO - drawing path: [(9, 2), (8, 2), (7, 2), (6, 2), (5, 2), (4, 2), (3, 2), (2, 2), (1, 2), (1, 3), (1, 4), (2, 4), (3, 4), (4, 4), (5, 4), (5, 5), (5, 6), (5, 7), (4, 7), (3, 7), (2, 7), (1, 7)]
